<?xml version="1.0" encoding="UTF-8"?>
<!-- Generated by org.testng.reporters.JUnitReportReporter -->
<testsuite hostname="Srikanth-PC" name="com.mercury.testScripts.ValidateCredtials" tests="1" failures="0" timestamp="16 Mar 2017 22:43:36 GMT" time="5.491" errors="0">
  <testcase name="testCredtials" time="5.491" classname="com.mercury.testScripts.ValidateCredtials"/>
</testsuite> <!-- com.mercury.testScripts.ValidateCredtials -->
