<?xml version="1.0" encoding="UTF-8"?>
<!-- Generated by org.testng.reporters.JUnitReportReporter -->
<testsuite hostname="Srikanth-PC" name="com.mercury.testScripts.TestFile" tests="1" failures="0" timestamp="19 Mar 2017 22:48:10 GMT" time="8.217" errors="0">
  <testcase name="testCredtials" time="8.217" classname="com.mercury.testScripts.TestFile"/>
</testsuite> <!-- com.mercury.testScripts.TestFile -->
